Content-Type: multipart/alternative;
 boundary="===============1069747051085355150=="
MIME-Version: 1.0
Subject: Your username
From: test@example.com
To: johan@icei.ac.id
Date: Thu, 02 Nov 2023 07:35:02 -0000
Message-ID: <169891050263.123790.18006301339215156015@x>

--===============1069747051085355150==
Content-Type: text/plain; charset="utf-8"
MIME-Version: 1.0
Content-Transfer-Encoding: 7bit



Your username is:

johansantri

--===============1069747051085355150==
Content-Type: text/html; charset="utf-8"
MIME-Version: 1.0
Content-Transfer-Encoding: 7bit



<!DOCTYPE html PUBLIC "-//W3C//DTD XHTML 1.0 Transitional//EN"
        "http://www.w3.org/TR/xhtml1/DTD/xhtml1-transitional.dtd">
<html xmlns="http://www.w3.org/1999/xhtml">
<head>
    <meta http-equiv="Content-Type" content="text/html; charset=UTF-8"/>
    <title>Your username</title>
    <meta name="viewport" content="width=device-width, initial-scale=1.0"/>
</head>

<body>

<p>
    Your username is:
</p>

<p>
    johansantri
</p>

</body>

</html>

--===============1069747051085355150==--

-------------------------------------------------------------------------------
