Content-Type: multipart/alternative;
 boundary="===============0945595127608520981=="
MIME-Version: 1.0
Subject: Restore password
From: test@example.com
To: johan@icei.ac.id
Date: Wed, 08 Nov 2023 02:31:03 -0000
Message-ID: <169941066359.12718.7747636498991933981@x>

--===============0945595127608520981==
Content-Type: text/plain; charset="utf-8"
MIME-Version: 1.0
Content-Transfer-Encoding: 7bit



You received this email because you requested a password reset for your user account.

Please, go to the following page and choose a new password:

http://127.0.0.1:8000/accounts/restore/MQ/bxbqzr-f82b6f46260cc7f27f5cb2545f80198b/

--===============0945595127608520981==
Content-Type: text/html; charset="utf-8"
MIME-Version: 1.0
Content-Transfer-Encoding: 7bit



<!DOCTYPE html PUBLIC "-//W3C//DTD XHTML 1.0 Transitional//EN"
        "http://www.w3.org/TR/xhtml1/DTD/xhtml1-transitional.dtd">
<html xmlns="http://www.w3.org/1999/xhtml">
<head>
    <meta http-equiv="Content-Type" content="text/html; charset=UTF-8"/>
    <title>Restore password</title>
    <meta name="viewport" content="width=device-width, initial-scale=1.0"/>
</head>

<body>

<p>
    You received this email because you requested a password reset for your user account.
</p>

<p>
    Please, go to the following page and choose a new password:
</p>

<p>
    <a href="http://127.0.0.1:8000/accounts/restore/MQ/bxbqzr-f82b6f46260cc7f27f5cb2545f80198b/">http://127.0.0.1:8000/accounts/restore/MQ/bxbqzr-f82b6f46260cc7f27f5cb2545f80198b/</a>
</p>

</body>

</html>

--===============0945595127608520981==--

-------------------------------------------------------------------------------
