Content-Type: multipart/alternative;
 boundary="===============8247097283889841689=="
MIME-Version: 1.0
Subject: Restore password
From: test@example.com
To: johan@icei.ac.id
Date: Thu, 02 Nov 2023 07:07:08 -0000
Message-ID: <169890882807.122132.1609203852290285418@x>

--===============8247097283889841689==
Content-Type: text/plain; charset="utf-8"
MIME-Version: 1.0
Content-Transfer-Encoding: 7bit



You received this email because you requested a password reset for your user account.

Please, go to the following page and choose a new password:

http://127.0.0.1:8000/accounts/restore/MQ/bx0zrw-fb4da189fd9ac9ff9c2706f8b7809dff/

--===============8247097283889841689==
Content-Type: text/html; charset="utf-8"
MIME-Version: 1.0
Content-Transfer-Encoding: 7bit



<!DOCTYPE html PUBLIC "-//W3C//DTD XHTML 1.0 Transitional//EN"
        "http://www.w3.org/TR/xhtml1/DTD/xhtml1-transitional.dtd">
<html xmlns="http://www.w3.org/1999/xhtml">
<head>
    <meta http-equiv="Content-Type" content="text/html; charset=UTF-8"/>
    <title>Restore password</title>
    <meta name="viewport" content="width=device-width, initial-scale=1.0"/>
</head>

<body>

<p>
    You received this email because you requested a password reset for your user account.
</p>

<p>
    Please, go to the following page and choose a new password:
</p>

<p>
    <a href="http://127.0.0.1:8000/accounts/restore/MQ/bx0zrw-fb4da189fd9ac9ff9c2706f8b7809dff/">http://127.0.0.1:8000/accounts/restore/MQ/bx0zrw-fb4da189fd9ac9ff9c2706f8b7809dff/</a>
</p>

</body>

</html>

--===============8247097283889841689==--

-------------------------------------------------------------------------------
